<?xml version="1.0" encoding="UTF-8"?>
<testng-results ignored="0" total="1" passed="1" failed="0" skipped="0">
  <reporter-output>
  </reporter-output>
  <suite started-at="2022-08-18T22:45:05 CST" name="Surefire suite" finished-at="2022-08-18T22:45:05 CST" duration-ms="39">
    <groups>
    </groups>
    <test started-at="2022-08-18T22:45:05 CST" name="Surefire test" finished-at="2022-08-18T22:45:05 CST" duration-ms="39">
      <class name="com.tsy.rpc.base.AppTest">
        <test-method signature="loggerTest()[pri:0, instance:com.tsy.rpc.base.AppTest@55536d9e]" started-at="2022-08-18T22:45:05 CST" name="loggerTest" finished-at="2022-08-18T22:45:05 CST" duration-ms="3" status="PASS">
          <reporter-output>
          </reporter-output>
        </test-method> <!-- loggerTest -->
      </class> <!-- com.tsy.rpc.base.AppTest -->
    </test> <!-- Surefire test -->
  </suite> <!-- Surefire suite -->
</testng-results>
